<?xml version="1.0" encoding="UTF-8"?>
<!-- Generated by org.testng.reporters.JUnitXMLReporter -->
<testsuite hostname="123.local" name="商户通用买票退票" tests="1" failures="1" timestamp="27 Jul 2016 09:03:15 GMT" time="2.446" errors="0">
  <testcase name="universal_scenic_order" time="2.431" classname="com.busAPP_IOS.run.RunTestCase">
    <failure type="java.lang.NullPointerException">
      <![CDATA[java.lang.NullPointerException
	at com.busAPP_IOS.run.RunTestCase.logout(RunTestCase.java:240)
	at com.busAPP_IOS.run.RunTestCase.runTestCase(RunTestCase.java:103)
	at com.busAPP_IOS.run.RunTestCase.universal_scenic_order(RunTestCase.java:35)
... Removed 24 stack frames]]>
    </failure>
  </testcase> <!-- universal_scenic_order -->
</testsuite> <!-- 商户通用买票退票 -->
